<?xml version="1.0" encoding="UTF-8"?>
<!-- Generated by org.testng.reporters.JUnitReportReporter -->
<testsuite hostname="DESKTOP-F0OHDD2" failures="0" tests="1" name="org.iitwforce.automation.uclidmmpBabita.calculatorTest" time="0.018" errors="0" timestamp="2023-08-11T12:09:54 CDT" skipped="0">
  <testcase classname="org.iitwforce.automation.uclidmmpBabita.calculatorTest" name="validateAdd" time="0.018"/>
</testsuite> <!-- org.iitwforce.automation.uclidmmpBabita.calculatorTest -->
