<?xml version="1.0" encoding="UTF-8"?>
<!-- Generated by org.testng.reporters.JUnitReportReporter -->
<testsuite hostname="DESKTOP-F0OHDD2" failures="0" tests="1" name="org.iitwforce.automation.uclidmmpBabita.EditProfile" time="15.834" errors="0" timestamp="2023-07-31T19:54:05 CDT" skipped="0">
  <testcase classname="org.iitwforce.automation.uclidmmpBabita.EditProfile" name="TC_008_validate_Edit_Profile" time="15.834"/>
</testsuite> <!-- org.iitwforce.automation.uclidmmpBabita.EditProfile -->
