<?xml version="1.0" encoding="UTF-8"?>
<!-- Generated by org.testng.reporters.JUnitReportReporter -->
<testsuite hostname="DESKTOP-F0OHDD2" failures="0" tests="1" name="org.iitwforce.automation.uclidmmpBabita.LoginTests" time="11.429" errors="0" timestamp="2023-07-24T14:03:40 CDT" skipped="0">
  <testcase classname="org.iitwforce.automation.uclidmmpBabita.LoginTests" name="TC_001_Login_with_valid_creds" time="11.429"/>
</testsuite> <!-- org.iitwforce.automation.uclidmmpBabita.LoginTests -->
