<?xml version="1.0" encoding="UTF-8"?>
<!-- Generated by org.testng.reporters.JUnitReportReporter -->
<testsuite hostname="DESKTOP-F0OHDD2" failures="0" tests="1" name="org.iitwforce.automation.uclidmmpBabita.ScheduleAppointmentTests" time="23.200" errors="0" timestamp="2023-08-02T12:49:51 CDT" skipped="0">
  <testcase classname="org.iitwforce.automation.uclidmmpBabita.ScheduleAppointmentTests" name="TC_001_validate_book_appointment" time="23.200"/>
</testsuite> <!-- org.iitwforce.automation.uclidmmpBabita.ScheduleAppointmentTests -->
