<?xml version="1.0" encoding="UTF-8"?>
<!-- Generated by org.testng.reporters.JUnitReportReporter -->
<testsuite hostname="DESKTOP-F0OHDD2" failures="0" tests="1" name="org.iitwforce.automation.uclidmmpBabita.DemoAddService" time="14.524" errors="0" timestamp="2023-08-11T10:27:51 CDT" skipped="0">
  <testcase classname="org.iitwforce.automation.uclidmmpBabita.DemoAddService" name="TC_002_Delete_Service_Type" time="14.524"/>
</testsuite> <!-- org.iitwforce.automation.uclidmmpBabita.DemoAddService -->
